#! /usr/bin/vvp
:ivl_version "0.9.6 " "(v0_9_6)";
:vpi_time_precision + 0;
:vpi_module "system";
:vpi_module "v2005_math";
:vpi_module "va_math";
S_0xa58000 .scope module, "test" "test" 2 1;
 .timescale 0 0;
v0xa7b300_0 .net "clk", 0 0, C4<z>; 0 drivers
v0xa889e0_0 .net "in", 0 0, C4<z>; 0 drivers
v0xa88a80_0 .var "out", 0 0;
E_0xa580f0 .event posedge, v0xa7b300_0;
    .scope S_0xa58000;
T_0 ;
    %wait E_0xa580f0;
    %load/v 8, v0xa889e0_0, 1;
    %ix/load 0, 1, 0;
    %assign/v0 v0xa88a80_0, 0, 8;
    %jmp T_0;
    .thread T_0;
# The file index is used to find the file name in the following table.
:file_names 3;
    "N/A";
    "<interactive>";
    "test.v";
